[2020-06-25T02:24:16+0000] [PACMAN] Running 'pacman -r work/x86_64/airootfs -Sy --noconfirm --config=work/pacman.conf base syslinux'
[2020-06-25T02:24:16+0000] [PACMAN] synchronizing package lists
[2020-06-25T02:24:50+0000] [ALPM] transaction started
[2020-06-25T02:24:50+0000] [ALPM] installed iana-etc (20200601-1)
[2020-06-25T02:24:51+0000] [ALPM] installed filesystem (2020.05.20-1)
[2020-06-25T02:24:51+0000] [ALPM] installed linux-api-headers (5.6.11-1)
[2020-06-25T02:24:52+0000] [ALPM] installed tzdata (2020a-1)
[2020-06-25T02:24:52+0000] [ALPM] installed glibc (2.31-5)
[2020-06-25T02:24:54+0000] [ALPM] installed gcc-libs (10.1.0-2)
[2020-06-25T02:24:55+0000] [ALPM] installed ncurses (6.2-1)
[2020-06-25T02:24:55+0000] [ALPM] installed readline (8.0.004-1)
[2020-06-25T02:24:55+0000] [ALPM] installed bash (5.0.017-1)
[2020-06-25T02:24:55+0000] [ALPM] installed attr (2.4.48-3)
[2020-06-25T02:24:55+0000] [ALPM] installed acl (2.2.53-3)
[2020-06-25T02:24:55+0000] [ALPM] installed gmp (6.2.0-1)
[2020-06-25T02:24:55+0000] [ALPM] installed libcap (2.36-1)
[2020-06-25T02:24:55+0000] [ALPM] installed gdbm (1.18.1-3)
[2020-06-25T02:24:56+0000] [ALPM] installed db (5.3.28-5)
[2020-06-25T02:24:57+0000] [ALPM] installed perl (5.32.0-1)
[2020-06-25T02:24:58+0000] [ALPM] installed openssl (1.1.1.g-2)
[2020-06-25T02:24:59+0000] [ALPM] installed coreutils (8.32-1)
[2020-06-25T02:24:59+0000] [ALPM] installed zlib (1:1.2.11-4)
[2020-06-25T02:24:59+0000] [ALPM] installed xz (5.2.5-1)
[2020-06-25T02:24:59+0000] [ALPM] installed bzip2 (1.0.8-3)
[2020-06-25T02:24:59+0000] [ALPM] installed libseccomp (2.4.2-1)
[2020-06-25T02:24:59+0000] [ALPM] installed file (5.39-1)
[2020-06-25T02:24:59+0000] [ALPM] installed findutils (4.7.0-2)
[2020-06-25T02:24:59+0000] [ALPM] installed mpfr (4.0.2-2)
[2020-06-25T02:24:59+0000] [ALPM] installed gawk (5.1.0-1)
[2020-06-25T02:24:59+0000] [ALPM] installed pcre (8.44-1)
[2020-06-25T02:24:59+0000] [ALPM] installed grep (3.4-1)
[2020-06-25T02:24:59+0000] [ALPM] installed libgpg-error (1.38-1)
[2020-06-25T02:24:59+0000] [ALPM] installed libgcrypt (1.8.5-2)
[2020-06-25T02:25:00+0000] [ALPM] installed lz4 (1:1.9.2-2)
[2020-06-25T02:25:00+0000] [ALPM] installed systemd-libs (245.6-8)
[2020-06-25T02:25:00+0000] [ALPM] installed procps-ng (3.3.16-2)
[2020-06-25T02:25:00+0000] [ALPM] installed sed (4.8-1)
[2020-06-25T02:25:00+0000] [ALPM] installed tar (1.32-3)
[2020-06-25T02:25:00+0000] [ALPM] installed libffi (3.3-3)
[2020-06-25T02:25:00+0000] [ALPM] installed libutil-linux (2.35.2-1)
[2020-06-25T02:25:00+0000] [ALPM] installed glib2 (2.64.3-2)
[2020-06-25T02:25:00+0000] [ALPM] installed libunistring (0.9.10-2)
[2020-06-25T02:25:01+0000] [ALPM] installed icu (67.1-1)
[2020-06-25T02:25:01+0000] [ALPM] installed libxml2 (2.9.10-2)
[2020-06-25T02:25:01+0000] [ALPM] installed libcroco (0.6.13-2)
[2020-06-25T02:25:01+0000] [ALPM] installed gettext (0.20.2-1)
[2020-06-25T02:25:02+0000] [ALPM] installed hwids (20200306-1)
[2020-06-25T02:25:02+0000] [ALPM] installed kmod (27-1)
[2020-06-25T02:25:02+0000] [ALPM] installed pciutils (3.7.0-1)
[2020-06-25T02:25:02+0000] [ALPM] installed psmisc (23.3-2)
[2020-06-25T02:25:02+0000] [ALPM] installed cracklib (2.9.7-2)
[2020-06-25T02:25:02+0000] [ALPM] installed e2fsprogs (1.45.6-2)
[2020-06-25T02:25:02+0000] [ALPM] installed libsasl (2.1.27-3)
[2020-06-25T02:25:02+0000] [ALPM] installed libldap (2.4.50-2)
[2020-06-25T02:25:02+0000] [ALPM] installed keyutils (1.6.1-4)
[2020-06-25T02:25:02+0000] [ALPM] installed krb5 (1.18.2-1)
[2020-06-25T02:25:02+0000] [ALPM] installed libtirpc (1.2.6-1)
[2020-06-25T02:25:02+0000] [ALPM] installed pambase (20190105.1-2)
[2020-06-25T02:25:02+0000] [ALPM] installed pam (1.3.1-2)
[2020-06-25T02:25:02+0000] [ALPM] installed libcap-ng (0.7.10-1)
[2020-06-25T02:25:02+0000] [ALPM] installed audit (2.8.5-6)
[2020-06-25T02:25:03+0000] [ALPM] installed shadow (4.8.1-1)
[2020-06-25T02:25:03+0000] [ALPM] installed util-linux (2.35.2-1)
[2020-06-25T02:25:03+0000] [ALPM] installed less (551-3)
[2020-06-25T02:25:03+0000] [ALPM] installed gzip (1.10-3)
[2020-06-25T02:25:03+0000] [ALPM] installed licenses (20200427-1)
[2020-06-25T02:25:03+0000] [ALPM] installed expat (2.2.9-3)
[2020-06-25T02:25:04+0000] [ALPM] installed zstd (1.4.5-1)
[2020-06-25T02:25:04+0000] [ALPM] installed libarchive (3.4.3-1)
[2020-06-25T02:25:04+0000] [ALPM] installed libtasn1 (4.16.0-1)
[2020-06-25T02:25:04+0000] [ALPM] installed libp11-kit (0.23.20-5)
[2020-06-25T02:25:04+0000] [ALPM] installed p11-kit (0.23.20-5)
[2020-06-25T02:25:04+0000] [ALPM] installed ca-certificates-utils (20181109-3)
[2020-06-25T02:25:04+0000] [ALPM] installed ca-certificates-mozilla (3.53.1-1)
[2020-06-25T02:25:04+0000] [ALPM] installed ca-certificates (20181109-3)
[2020-06-25T02:25:04+0000] [ALPM] installed libssh2 (1.9.0-2)
[2020-06-25T02:25:04+0000] [ALPM] installed libidn2 (2.3.0-1)
[2020-06-25T02:25:04+0000] [ALPM] installed libpsl (0.21.0-2)
[2020-06-25T02:25:04+0000] [ALPM] installed libnghttp2 (1.41.0-1)
[2020-06-25T02:25:04+0000] [ALPM] installed curl (7.70.0-1)
[2020-06-25T02:25:04+0000] [ALPM] installed npth (1.6-2)
[2020-06-25T02:25:04+0000] [ALPM] installed libksba (1.4.0-1)
[2020-06-25T02:25:04+0000] [ALPM] installed libassuan (2.5.3-2)
[2020-06-25T02:25:04+0000] [ALPM] installed libsecret (0.20.3-1)
[2020-06-25T02:25:04+0000] [ALPM] installed pinentry (1.1.0-5)
[2020-06-25T02:25:04+0000] [ALPM] installed nettle (3.6-1)
[2020-06-25T02:25:05+0000] [ALPM] installed gnutls (3.6.14-1)
[2020-06-25T02:25:05+0000] [ALPM] installed sqlite (3.32.3-1)
[2020-06-25T02:25:05+0000] [ALPM] installed gnupg (2.2.20-4)
[2020-06-25T02:25:05+0000] [ALPM] installed gpgme (1.13.1-7)
[2020-06-25T02:25:05+0000] [ALPM] installed pacman-mirrorlist (20200606-1)
[2020-06-25T02:25:05+0000] [ALPM] installed archlinux-keyring (20200622-1)
[2020-06-25T02:25:05+0000] [ALPM] installed pacman (5.2.1-6)
[2020-06-25T02:25:05+0000] [ALPM] installed device-mapper (2.02.187-3)
[2020-06-25T02:25:05+0000] [ALPM] installed popt (1.16-12)
[2020-06-25T02:25:05+0000] [ALPM] installed json-c (0.14-4)
[2020-06-25T02:25:05+0000] [ALPM] installed argon2 (20190702-3)
[2020-06-25T02:25:05+0000] [ALPM] installed cryptsetup (2.3.3-1)
[2020-06-25T02:25:05+0000] [ALPM] installed dbus (1.12.18-1)
[2020-06-25T02:25:05+0000] [ALPM] installed libmnl (1.0.4-3)
[2020-06-25T02:25:05+0000] [ALPM] installed libnftnl (1.1.7-1)
[2020-06-25T02:25:06+0000] [ALPM] installed libnl (3.5.0-2)
[2020-06-25T02:25:06+0000] [ALPM] installed libusb (1.0.23-2)
[2020-06-25T02:25:06+0000] [ALPM] installed libpcap (1.9.1-2)
[2020-06-25T02:25:06+0000] [ALPM] installed libnfnetlink (1.0.1-4)
[2020-06-25T02:25:06+0000] [ALPM] installed libnetfilter_conntrack (1.0.8-1)
[2020-06-25T02:25:06+0000] [ALPM] installed iptables (1:1.8.5-2)
[2020-06-25T02:25:07+0000] [ALPM] installed kbd (2.2.0-5)
[2020-06-25T02:25:07+0000] [ALPM] installed libelf (0.180-1)
[2020-06-25T02:25:07+0000] [ALPM] installed pcre2 (10.35-1)
[2020-06-25T02:25:08+0000] [ALPM] installed systemd (245.6-8)
[2020-06-25T02:25:08+0000] [ALPM-SCRIPTLET] Initializing machine ID from random generator.
[2020-06-25T02:25:09+0000] [ALPM-SCRIPTLET] Created symlink /etc/systemd/system/getty.target.wants/getty@tty1.service -> /usr/lib/systemd/system/getty@.service.
[2020-06-25T02:25:09+0000] [ALPM-SCRIPTLET] Created symlink /etc/systemd/system/multi-user.target.wants/remote-fs.target -> /usr/lib/systemd/system/remote-fs.target.
[2020-06-25T02:25:09+0000] [ALPM-SCRIPTLET] :: Append 'init=/usr/lib/systemd/systemd' to your kernel command line in your
[2020-06-25T02:25:09+0000] [ALPM-SCRIPTLET]    bootloader to replace sysvinit with systemd, or install systemd-sysvcompat
[2020-06-25T02:25:09+0000] [ALPM] installed systemd-sysvcompat (245.6-8)
[2020-06-25T02:25:09+0000] [ALPM] installed iputils (20190709-2)
[2020-06-25T02:25:09+0000] [ALPM] installed iproute2 (5.7.0-1)
[2020-06-25T02:25:09+0000] [ALPM] installed base (2-2)
[2020-06-25T02:25:10+0000] [ALPM] installed syslinux (6.04.pre2.r11.gbf6db5b4-3)
[2020-06-25T02:25:10+0000] [ALPM-SCRIPTLET] 
[2020-06-25T02:25:10+0000] [ALPM-SCRIPTLET] ==> For setting up Syslinux BIOS using the syslinux-install_update script follow
[2020-06-25T02:25:10+0000] [ALPM-SCRIPTLET]     https://wiki.archlinux.org/index.php/Syslinux#Automatic_Install
[2020-06-25T02:25:10+0000] [ALPM-SCRIPTLET] 
[2020-06-25T02:25:10+0000] [ALPM-SCRIPTLET] ==> For setting up Syslinux EFI follow
[2020-06-25T02:25:10+0000] [ALPM-SCRIPTLET]     https://wiki.archlinux.org/index.php/Syslinux#UEFI_Systems
[2020-06-25T02:25:10+0000] [ALPM-SCRIPTLET] 
[2020-06-25T02:25:10+0000] [ALPM-SCRIPTLET] ==> The syslinux-install_update script does not currently support EFI install
[2020-06-25T02:25:10+0000] [ALPM-SCRIPTLET] 
[2020-06-25T02:25:10+0000] [ALPM] transaction completed
[2020-06-25T02:25:10+0000] [ALPM] running '20-systemd-sysusers.hook'...
[2020-06-25T02:25:11+0000] [ALPM] running '30-systemd-catalog.hook'...
[2020-06-25T02:25:11+0000] [ALPM] running '30-systemd-daemon-reload.hook'...
[2020-06-25T02:25:11+0000] [ALPM-SCRIPTLET] Running in chroot, ignoring request: daemon-reload
[2020-06-25T02:25:11+0000] [ALPM] running '30-systemd-hwdb.hook'...
[2020-06-25T02:25:14+0000] [ALPM] running '30-systemd-sysctl.hook'...
[2020-06-25T02:25:14+0000] [ALPM] running '30-systemd-tmpfiles.hook'...
[2020-06-25T02:25:14+0000] [ALPM] running '30-systemd-udev-reload.hook'...
[2020-06-25T02:25:14+0000] [ALPM-SCRIPTLET] Running in chroot, ignoring request.
[2020-06-25T02:25:14+0000] [ALPM] running '30-systemd-update.hook'...
[2020-06-25T02:25:14+0000] [ALPM] running 'dbus-reload.hook'...
[2020-06-25T02:25:14+0000] [ALPM-SCRIPTLET] Running in chroot, ignoring request: try-reload-or-restart
[2020-06-25T02:25:14+0000] [ALPM] running 'detect-old-perl-modules.hook'...
[2020-06-25T02:25:14+0000] [ALPM] running 'update-ca-trust.hook'...
[2020-06-25T02:25:17+0000] [PACMAN] Running 'pacman -r work/x86_64/airootfs -Sy --noconfirm --config=work/pacman.conf haveged intel-ucode amd-ucode memtest86+ mkinitcpio-nfs-utils nbd zsh efitools'
[2020-06-25T02:25:17+0000] [PACMAN] synchronizing package lists
[2020-06-25T02:25:26+0000] [ALPM] transaction started
[2020-06-25T02:25:26+0000] [ALPM] installed haveged (1.9.12-1)
[2020-06-25T02:25:26+0000] [ALPM] installed intel-ucode (20200616-1)
[2020-06-25T02:25:26+0000] [ALPM] installed amd-ucode (20200519.8ba6fa6-1)
[2020-06-25T02:25:26+0000] [ALPM] installed memtest86+ (5.01-4)
[2020-06-25T02:25:26+0000] [ALPM] installed mkinitcpio-nfs-utils (0.3-7)
[2020-06-25T02:25:26+0000] [ALPM] installed nbd (3.20-2)
[2020-06-25T02:25:27+0000] [ALPM] installed zsh (5.8-1)
[2020-06-25T02:25:27+0000] [ALPM] installed efitools (1.9.2-3)
[2020-06-25T02:25:27+0000] [ALPM] transaction completed
[2020-06-25T02:25:27+0000] [ALPM] running '20-systemd-sysusers.hook'...
[2020-06-25T02:25:27+0000] [ALPM] running '30-systemd-daemon-reload.hook'...
[2020-06-25T02:25:27+0000] [ALPM-SCRIPTLET] Running in chroot, ignoring request: daemon-reload
[2020-06-25T02:25:27+0000] [ALPM] running '30-systemd-update.hook'...
[2020-06-25T02:25:27+0000] [PACMAN] Running 'pacman -r work/x86_64/airootfs -Sy --noconfirm --config=work/pacman.conf arch-install-scripts b43-fwcutter broadcom-wl btrfs-progs clonezilla crda darkhttpd ddrescue dhclient dhcpcd dialog diffutils dmraid dnsmasq dnsutils dosfstools elinks ethtool exfat-utils f2fs-tools fsarchiver gnu-netcat gpm gptfdisk grml-zsh-config grub hdparm ipw2100-fw ipw2200-fw irssi iwd jfsutils lftp linux-atm linux-firmware lsscsi lvm2 man-db man-pages mc mdadm mtools nano ndisc6 netctl nfs-utils network-manager nilfs-utils nmap ntfs-3g ntp openconnect openssh openvpn partclone parted partimage ppp pptpclient refind reiserfsprogs rp-pppoe rsync sdparm sg3_utils smartmontools sudo tcpdump testdisk usb_modeswitch usbutils vi vim-minimal vpnc wget wireless-regdb wireless_tools wpa_supplicant wvdial xfsprogs xl2tpd'
[2020-06-25T02:25:27+0000] [PACMAN] synchronizing package lists
